[debug] [2023-03-26T06:31:34.052Z] ----------------------------------------------------------------------
[debug] [2023-03-26T06:31:34.053Z] Command:       C:\Program Files\nodejs\node.exe C:\Users\DELL\AppData\Roaming\npm\node_modules\firebase-tools\lib\bin\firebase.js init
[debug] [2023-03-26T06:31:34.054Z] CLI Version:   11.19.0
[debug] [2023-03-26T06:31:34.054Z] Platform:      win32
[debug] [2023-03-26T06:31:34.054Z] Node Version:  v18.12.1
[debug] [2023-03-26T06:31:34.055Z] Time:          Sun Mar 26 2023 12:01:34 GMT+0530 (India Standard Time)
[debug] [2023-03-26T06:31:34.055Z] ----------------------------------------------------------------------
[debug] 
[debug] [2023-03-26T06:31:34.061Z] > command requires scopes: ["email","openid","https://www.googleapis.com/auth/cloudplatformprojects.readonly","https://www.googleapis.com/auth/firebase","https://www.googleapis.com/auth/cloud-platform"]
[debug] [2023-03-26T06:31:34.062Z] > authorizing via signed-in user (chrisdias2311@gmail.com)
[info] 
     ######## #### ########  ######## ########     ###     ######  ########
     ##        ##  ##     ## ##       ##     ##  ##   ##  ##       ##
     ######    ##  ########  ######   ########  #########  ######  ######
     ##        ##  ##    ##  ##       ##     ## ##     ##       ## ##
     ##       #### ##     ## ######## ########  ##     ##  ######  ########

You're about to initialize a Firebase project in this directory:

  E:\FieldToFork\frontend_basecode

[info] 
=== Project Setup
[info] 
[info] First, let's associate this project directory with a Firebase project.
[info] You can create multiple project aliases by running firebase use --add, 
[info] but for now we'll just set up a default project.
[info] 
[debug] [2023-03-26T06:32:01.426Z] >>> [apiv2][query] GET https://firebase.googleapis.com/v1beta1/projects pageSize=100
[debug] [2023-03-26T06:32:02.362Z] <<< [apiv2][status] GET https://firebase.googleapis.com/v1beta1/projects 200
[debug] [2023-03-26T06:32:02.362Z] <<< [apiv2][body] GET https://firebase.googleapis.com/v1beta1/projects [omitted]
[info] i  Using project fieldtofork-9840f (fieldtofork) 
[info] 
=== Hosting Setup
[info] 
[info] Your public directory is the folder (relative to your project directory) that
[info] will contain Hosting assets to be uploaded with firebase deploy. If you
[info] have a build process for your assets, use your build's output directory.
[info] 
[debug] [2023-03-26T06:33:28.243Z] >>> [apiv2][query] GET https://www.gstatic.com/firebasejs/releases.json [none]
[debug] [2023-03-26T06:33:28.348Z] <<< [apiv2][status] GET https://www.gstatic.com/firebasejs/releases.json 200
[debug] [2023-03-26T06:33:28.348Z] <<< [apiv2][body] GET https://www.gstatic.com/firebasejs/releases.json {"current":{"version":"9.18.0","browserURL":"https://www.gstatic.com/firebasejs/9.18.0/firebase.js","packageURL":"https://www.gstatic.com/firebasejs/9.18.0/firebase.tgz"},"live":{"version":"9.18","browserURL":"https://www.gstatic.com/firebasejs/live/9.18/firebase.js","packageURL":"https://www.gstatic.com/firebasejs/live/9.18/firebase.tgz"},"components":{"analytics":"https://www.gstatic.com/firebasejs/9.18.0/firebase-analytics.js","app":"https://www.gstatic.com/firebasejs/9.18.0/firebase-app.js","app-check":"https://www.gstatic.com/firebasejs/9.18.0/firebase-app-check.js","auth":"https://www.gstatic.com/firebasejs/9.18.0/firebase-auth.js","auth/cordova":"https://www.gstatic.com/firebasejs/9.18.0/firebase-auth/cordova.js","auth/react-native":"https://www.gstatic.com/firebasejs/9.18.0/firebase-auth/react-native.js","functions":"https://www.gstatic.com/firebasejs/9.18.0/firebase-functions.js","firestore":"https://www.gstatic.com/firebasejs/9.18.0/firebase-firestore.js","firestore/lite":"https://www.gstatic.com/firebasejs/9.18.0/firebase-firestore/lite.js","installations":"https://www.gstatic.com/firebasejs/9.18.0/firebase-installations.js","storage":"https://www.gstatic.com/firebasejs/9.18.0/firebase-storage.js","performance":"https://www.gstatic.com/firebasejs/9.18.0/firebase-performance.js","remote-config":"https://www.gstatic.com/firebasejs/9.18.0/firebase-remote-config.js","messaging":"https://www.gstatic.com/firebasejs/9.18.0/firebase-messaging.js","messaging/sw":"https://www.gstatic.com/firebasejs/9.18.0/firebase-messaging/sw.js","database":"https://www.gstatic.com/firebasejs/9.18.0/firebase-database.js","firestore.memory":"https://www.gstatic.com/firebasejs/9.18.0/firebase-firestore.memory.js"}}
[info] +  Wrote build/index.html 
[info] 
[info] i  Detected a .git folder at E:\FieldToFork\frontend_basecode 
[info] i  Authorizing with GitHub to upload your service account to a GitHub repository's secrets store. 
[info] 
[info] Visit this URL on this device to log in:
[info] https://github.com/login/oauth/authorize?client_id=89cf50f02ac6aaed3484&state=398100626&redirect_uri=http%3A%2F%2Flocalhost%3A9005&scope=read%3Auser%20repo%20public_repo
[info] 
[info] Waiting for authentication...
[debug] [2023-03-26T06:33:28.958Z] >>> [apiv2][query] POST https://github.com/login/oauth/access_token [none]
[debug] [2023-03-26T06:33:28.958Z] >>> [apiv2][body] POST https://github.com/login/oauth/access_token [stream]
[debug] [2023-03-26T06:33:29.302Z] <<< [apiv2][status] POST https://github.com/login/oauth/access_token 200
[debug] [2023-03-26T06:33:29.302Z] <<< [apiv2][body] POST https://github.com/login/oauth/access_token {"access_token":"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","token_type":"bearer","scope":"read:user,repo"}
[debug] [2023-03-26T06:33:29.311Z] >>> [apiv2][query] GET https://api.github.com/user [none]
[debug] [2023-03-26T06:33:29.685Z] <<< [apiv2][status] GET https://api.github.com/user 200
[debug] [2023-03-26T06:33:29.685Z] <<< [apiv2][body] GET https://api.github.com/user {"login":"chrisdias2311","id":105737889,"node_id":"U_kgDOBk1uoQ","avatar_url":"https://avatars.githubusercontent.com/u/105737889?v=4","gravatar_id":"","url":"https://api.github.com/users/chrisdias2311","html_url":"https://github.com/chrisdias2311","followers_url":"https://api.github.com/users/chrisdias2311/followers","following_url":"https://api.github.com/users/chrisdias2311/following{/other_user}","gists_url":"https://api.github.com/users/chrisdias2311/gists{/gist_id}","starred_url":"https://api.github.com/users/chrisdias2311/starred{/owner}{/repo}","subscriptions_url":"https://api.github.com/users/chrisdias2311/subscriptions","organizations_url":"https://api.github.com/users/chrisdias2311/orgs","repos_url":"https://api.github.com/users/chrisdias2311/repos","events_url":"https://api.github.com/users/chrisdias2311/events{/privacy}","received_events_url":"https://api.github.com/users/chrisdias2311/received_events","type":"User","site_admin":false,"name":"Chris Dias","company":null,"blog":"","location":"Mumbai, India","email":null,"hireable":null,"bio":null,"twitter_username":null,"public_repos":23,"public_gists":0,"followers":1,"following":0,"created_at":"2022-05-17T16:09:57Z","updated_at":"2023-03-24T14:46:26Z","private_gists":0,"total_private_repos":10,"owned_private_repos":10,"disk_usage":225193,"collaborators":6,"two_factor_authentication":false,"plan":{"name":"pro","space":976562499,"collaborators":0,"private_repos":9999}}
[info] 
[info] +  Success! Logged into GitHub as chrisdias2311 
[info] 
